2026-02-11 20:41:41 | INFO | Final arcdps log detected: 
C:\Users\deven\Documents\GUILD WARS 2\addons\arcdps\arcdps.cbtlogs\Standard Kitty Golem (16199)\20260211-204140.zevtc
2026-02-11 20:41:43 | INFO | [Upload] Uploaded: https://dps.report/lpYB-20260211-204140_golem 
(Success: True, Boss: Standard Kitty Golem, Players: 1, CM: False)
2026-02-11 20:41:43 | INFO | [Session] Starting new session
2026-02-11 20:41:43 | INFO | [Session] Player display_names: ['Piroko.1209']
2026-02-11 20:41:43 | INFO | [Session] Core count: 1/0
2026-02-11 20:41:43 | INFO | [Session] Added successful Standard Kitty Golem (Standard Kitty) to Golems
2026-02-11 20:41:43 | INFO | [Discord] Session posted.
2026-02-11 20:42:45 | INFO | Final arcdps log detected: 
C:\Users\deven\Documents\GUILD WARS 2\addons\arcdps\arcdps.cbtlogs\Standard Kitty Golem (16199)\20260211-204245.zevtc
2026-02-11 20:42:48 | INFO | [Upload] Uploaded: https://dps.report/kDEw-20260211-204245_golem 
(Success: True, Boss: Standard Kitty Golem, Players: 1, CM: False)
2026-02-11 20:42:48 | INFO | [Session] Player display_names: ['Piroko.1209']
2026-02-11 20:42:48 | INFO | [Session] Core count: 1/0
2026-02-11 20:42:48 | INFO | [Session] Added successful Standard Kitty Golem (Standard Kitty) to Golems
2026-02-11 20:42:48 | INFO | [Discord] Session updated.
2026-02-11 20:45:04 | INFO | Final arcdps log detected: 
C:\Users\deven\Documents\GUILD WARS 2\addons\arcdps\arcdps.cbtlogs\Standard Kitty Golem (16199)\20260211-204504.zevtc
2026-02-11 20:45:07 | INFO | [Upload] Uploaded: https://dps.report/IUzl-20260211-204504_golem 
(Success: True, Boss: Standard Kitty Golem, Players: 1, CM: False)
2026-02-11 20:45:07 | INFO | [Session] Player display_names: ['Piroko.1209']
2026-02-11 20:45:07 | INFO | [Session] Core count: 1/0
2026-02-11 20:45:07 | INFO | [Session] Added successful Standard Kitty Golem (Standard Kitty) to Golems
2026-02-11 20:45:07 | INFO | [Discord] Session updated.
2026-02-11 20:46:22 | INFO | Final arcdps log detected: 
C:\Users\deven\Documents\GUILD WARS 2\addons\arcdps\arcdps.cbtlogs\Standard Kitty Golem (16199)\20260211-204622.zevtc
2026-02-11 20:46:24 | INFO | [Upload] Uploaded: https://dps.report/SLku-20260211-204622_golem 
(Success: True, Boss: Standard Kitty Golem, Players: 1, CM: False)
2026-02-11 20:46:24 | INFO | [Session] Player display_names: ['Piroko.1209']
2026-02-11 20:46:24 | INFO | [Session] Core count: 1/0
2026-02-11 20:46:24 | INFO | [Session] Added successful Standard Kitty Golem (Standard Kitty) to Golems
2026-02-11 20:46:24 | INFO | [Discord] Session updated.
2026-02-11 20:48:10 | INFO | [Main] GW2 closed. Waiting grace period...
2026-02-11 20:48:40 | INFO | [Discord] Session updated.
2026-02-11 20:48:40 | INFO | [Session] Session ended: Guild Raid Night
2026-02-11 20:48:40 | INFO | [Main] GW2 closed beyond grace; shutting down.
2026-02-11 20:48:40 | INFO | [Main] Tool shutting down.
